<?xml version="1.0" encoding="UTF-8"?>
<testng-results ignored="0" total="9" passed="9" failed="0" skipped="0">
  <reporter-output>
  </reporter-output>
  <suite started-at="2024-08-24T02:53:27 GMT" name="vendor-portal" finished-at="2024-08-24T02:53:35 GMT" duration-ms="8399">
    <groups>
    </groups>
    <test started-at="2024-08-24T02:53:27 GMT" name="user-mike" finished-at="2024-08-24T02:53:32 GMT" duration-ms="5061">
      <class name="com.vinsguru.tests.vendorportal.VendorPortalTest">
        <test-method is-config="true" signature="setDriver(org.testng.ITestContext)[pri:0, instance:com.vinsguru.tests.vendorportal.VendorPortalTest@198d6542]" started-at="2024-08-24T02:53:27 GMT" name="setDriver" finished-at="2024-08-24T02:53:28 GMT" duration-ms="1117" status="PASS">
          <params>
            <param index="0">
              <value>
                <![CDATA[org.testng.TestRunner@5f354bcf]]>
              </value>
            </param>
          </params>
          <reporter-output>
          </reporter-output>
        </test-method> <!-- setDriver -->
        <test-method is-config="true" signature="setPageObjects(java.lang.String)[pri:0, instance:com.vinsguru.tests.vendorportal.VendorPortalTest@198d6542]" started-at="2024-08-24T02:53:28 GMT" name="setPageObjects" finished-at="2024-08-24T02:53:28 GMT" depends-on-methods="com.vinsguru.tests.AbstractTest.setDriver" duration-ms="112" status="PASS">
          <params>
            <param index="0">
              <value>
                <![CDATA[test-data/vendor-portal/mike.json]]>
              </value>
            </param>
          </params>
          <reporter-output>
          </reporter-output>
        </test-method> <!-- setPageObjects -->
        <test-method signature="loginTest()[pri:0, instance:com.vinsguru.tests.vendorportal.VendorPortalTest@198d6542]" started-at="2024-08-24T02:53:28 GMT" name="loginTest" finished-at="2024-08-24T02:53:28 GMT" duration-ms="593" status="PASS">
          <reporter-output>
          </reporter-output>
        </test-method> <!-- loginTest -->
        <test-method signature="dashboardTest()[pri:0, instance:com.vinsguru.tests.vendorportal.VendorPortalTest@198d6542]" started-at="2024-08-24T02:53:28 GMT" name="dashboardTest" finished-at="2024-08-24T02:53:30 GMT" depends-on-methods="com.vinsguru.tests.vendorportal.VendorPortalTest.loginTest" duration-ms="1871" status="PASS">
          <reporter-output>
          </reporter-output>
        </test-method> <!-- dashboardTest -->
        <test-method signature="logoutTest()[pri:0, instance:com.vinsguru.tests.vendorportal.VendorPortalTest@198d6542]" started-at="2024-08-24T02:53:30 GMT" name="logoutTest" finished-at="2024-08-24T02:53:31 GMT" depends-on-methods="com.vinsguru.tests.vendorportal.VendorPortalTest.dashboardTest" duration-ms="1282" status="PASS">
          <reporter-output>
          </reporter-output>
        </test-method> <!-- logoutTest -->
        <test-method is-config="true" signature="quitDriver()[pri:0, instance:com.vinsguru.tests.vendorportal.VendorPortalTest@198d6542]" started-at="2024-08-24T02:53:31 GMT" name="quitDriver" finished-at="2024-08-24T02:53:32 GMT" duration-ms="74" status="PASS">
          <reporter-output>
          </reporter-output>
        </test-method> <!-- quitDriver -->
      </class> <!-- com.vinsguru.tests.vendorportal.VendorPortalTest -->
    </test> <!-- user-mike -->
    <test started-at="2024-08-24T02:53:27 GMT" name="user-john" finished-at="2024-08-24T02:53:32 GMT" duration-ms="5199">
      <class name="com.vinsguru.tests.vendorportal.VendorPortalTest">
        <test-method is-config="true" signature="setupConfig()[pri:0, instance:com.vinsguru.tests.vendorportal.VendorPortalTest@5117dd67]" started-at="2024-08-24T02:53:26 GMT" name="setupConfig" finished-at="2024-08-24T02:53:26 GMT" duration-ms="8" status="PASS">
          <reporter-output>
          </reporter-output>
        </test-method> <!-- setupConfig -->
        <test-method is-config="true" signature="setDriver(org.testng.ITestContext)[pri:0, instance:com.vinsguru.tests.vendorportal.VendorPortalTest@5117dd67]" started-at="2024-08-24T02:53:27 GMT" name="setDriver" finished-at="2024-08-24T02:53:28 GMT" duration-ms="1117" status="PASS">
          <params>
            <param index="0">
              <value>
                <![CDATA[org.testng.TestRunner@3daf7722]]>
              </value>
            </param>
          </params>
          <reporter-output>
          </reporter-output>
        </test-method> <!-- setDriver -->
        <test-method is-config="true" signature="setPageObjects(java.lang.String)[pri:0, instance:com.vinsguru.tests.vendorportal.VendorPortalTest@5117dd67]" started-at="2024-08-24T02:53:28 GMT" name="setPageObjects" finished-at="2024-08-24T02:53:28 GMT" depends-on-methods="com.vinsguru.tests.AbstractTest.setDriver" duration-ms="112" status="PASS">
          <params>
            <param index="0">
              <value>
                <![CDATA[test-data/vendor-portal/john.json]]>
              </value>
            </param>
          </params>
          <reporter-output>
          </reporter-output>
        </test-method> <!-- setPageObjects -->
        <test-method signature="loginTest()[pri:0, instance:com.vinsguru.tests.vendorportal.VendorPortalTest@5117dd67]" started-at="2024-08-24T02:53:28 GMT" name="loginTest" finished-at="2024-08-24T02:53:28 GMT" duration-ms="594" status="PASS">
          <reporter-output>
          </reporter-output>
        </test-method> <!-- loginTest -->
        <test-method signature="dashboardTest()[pri:0, instance:com.vinsguru.tests.vendorportal.VendorPortalTest@5117dd67]" started-at="2024-08-24T02:53:28 GMT" name="dashboardTest" finished-at="2024-08-24T02:53:30 GMT" depends-on-methods="com.vinsguru.tests.vendorportal.VendorPortalTest.loginTest" duration-ms="2007" status="PASS">
          <reporter-output>
          </reporter-output>
        </test-method> <!-- dashboardTest -->
        <test-method signature="logoutTest()[pri:0, instance:com.vinsguru.tests.vendorportal.VendorPortalTest@5117dd67]" started-at="2024-08-24T02:53:30 GMT" name="logoutTest" finished-at="2024-08-24T02:53:32 GMT" depends-on-methods="com.vinsguru.tests.vendorportal.VendorPortalTest.dashboardTest" duration-ms="1283" status="PASS">
          <reporter-output>
          </reporter-output>
        </test-method> <!-- logoutTest -->
        <test-method is-config="true" signature="quitDriver()[pri:0, instance:com.vinsguru.tests.vendorportal.VendorPortalTest@5117dd67]" started-at="2024-08-24T02:53:32 GMT" name="quitDriver" finished-at="2024-08-24T02:53:32 GMT" duration-ms="74" status="PASS">
          <reporter-output>
          </reporter-output>
        </test-method> <!-- quitDriver -->
      </class> <!-- com.vinsguru.tests.vendorportal.VendorPortalTest -->
    </test> <!-- user-john -->
    <test started-at="2024-08-24T02:53:27 GMT" name="user-sam" finished-at="2024-08-24T02:53:35 GMT" duration-ms="8399">
      <class name="com.vinsguru.tests.vendorportal.VendorPortalTest">
        <test-method is-config="true" signature="setDriver(org.testng.ITestContext)[pri:0, instance:com.vinsguru.tests.vendorportal.VendorPortalTest@6e01f9b0]" started-at="2024-08-24T02:53:27 GMT" name="setDriver" finished-at="2024-08-24T02:53:32 GMT" duration-ms="5316" status="PASS">
          <params>
            <param index="0">
              <value>
                <![CDATA[org.testng.TestRunner@6c2c1385]]>
              </value>
            </param>
          </params>
          <reporter-output>
          </reporter-output>
        </test-method> <!-- setDriver -->
        <test-method is-config="true" signature="setPageObjects(java.lang.String)[pri:0, instance:com.vinsguru.tests.vendorportal.VendorPortalTest@6e01f9b0]" started-at="2024-08-24T02:53:32 GMT" name="setPageObjects" finished-at="2024-08-24T02:53:32 GMT" depends-on-methods="com.vinsguru.tests.AbstractTest.setDriver" duration-ms="1" status="PASS">
          <params>
            <param index="0">
              <value>
                <![CDATA[test-data/vendor-portal/sam.json]]>
              </value>
            </param>
          </params>
          <reporter-output>
          </reporter-output>
        </test-method> <!-- setPageObjects -->
        <test-method signature="loginTest()[pri:0, instance:com.vinsguru.tests.vendorportal.VendorPortalTest@6e01f9b0]" started-at="2024-08-24T02:53:32 GMT" name="loginTest" finished-at="2024-08-24T02:53:32 GMT" duration-ms="439" status="PASS">
          <reporter-output>
          </reporter-output>
        </test-method> <!-- loginTest -->
        <test-method signature="dashboardTest()[pri:0, instance:com.vinsguru.tests.vendorportal.VendorPortalTest@6e01f9b0]" started-at="2024-08-24T02:53:32 GMT" name="dashboardTest" finished-at="2024-08-24T02:53:34 GMT" depends-on-methods="com.vinsguru.tests.vendorportal.VendorPortalTest.loginTest" duration-ms="1320" status="PASS">
          <reporter-output>
          </reporter-output>
        </test-method> <!-- dashboardTest -->
        <test-method signature="logoutTest()[pri:0, instance:com.vinsguru.tests.vendorportal.VendorPortalTest@6e01f9b0]" started-at="2024-08-24T02:53:34 GMT" name="logoutTest" finished-at="2024-08-24T02:53:35 GMT" depends-on-methods="com.vinsguru.tests.vendorportal.VendorPortalTest.dashboardTest" duration-ms="1244" status="PASS">
          <reporter-output>
          </reporter-output>
        </test-method> <!-- logoutTest -->
        <test-method is-config="true" signature="quitDriver()[pri:0, instance:com.vinsguru.tests.vendorportal.VendorPortalTest@6e01f9b0]" started-at="2024-08-24T02:53:35 GMT" name="quitDriver" finished-at="2024-08-24T02:53:35 GMT" duration-ms="73" status="PASS">
          <reporter-output>
          </reporter-output>
        </test-method> <!-- quitDriver -->
      </class> <!-- com.vinsguru.tests.vendorportal.VendorPortalTest -->
    </test> <!-- user-sam -->
  </suite> <!-- vendor-portal -->
</testng-results>
