<?xml version="1.0" encoding="UTF-8"?>
<testng-results ignored="0" total="20" passed="20" failed="0" skipped="0">
  <reporter-output>
  </reporter-output>
  <suite started-at="2024-08-24T02:53:27 GMT" name="flight-reservation" finished-at="2024-08-24T02:53:42 GMT" duration-ms="15955">
    <groups>
    </groups>
    <test started-at="2024-08-24T02:53:27 GMT" name="passengers-count-3" finished-at="2024-08-24T02:53:35 GMT" duration-ms="8598">
      <class name="com.vinsguru.tests.flightreservation.FlightReservationTest">
        <test-method is-config="true" signature="setDriver(org.testng.ITestContext)[pri:0, instance:com.vinsguru.tests.flightreservation.FlightReservationTest@2931522b]" started-at="2024-08-24T02:53:27 GMT" name="setDriver" finished-at="2024-08-24T02:53:28 GMT" duration-ms="1124" status="PASS">
          <params>
            <param index="0">
              <value>
                <![CDATA[org.testng.TestRunner@1869fbd2]]>
              </value>
            </param>
          </params>
          <reporter-output>
          </reporter-output>
        </test-method> <!-- setDriver -->
        <test-method is-config="true" signature="setParameters(java.lang.String)[pri:0, instance:com.vinsguru.tests.flightreservation.FlightReservationTest@2931522b]" started-at="2024-08-24T02:53:28 GMT" name="setParameters" finished-at="2024-08-24T02:53:28 GMT" depends-on-methods="com.vinsguru.tests.AbstractTest.setDriver" duration-ms="102" status="PASS">
          <params>
            <param index="0">
              <value>
                <![CDATA[test-data/flight-reservation/passenger-3.json]]>
              </value>
            </param>
          </params>
          <reporter-output>
          </reporter-output>
        </test-method> <!-- setParameters -->
        <test-method signature="userReservationTest()[pri:0, instance:com.vinsguru.tests.flightreservation.FlightReservationTest@2931522b]" started-at="2024-08-24T02:53:28 GMT" name="userReservationTest" finished-at="2024-08-24T02:53:29 GMT" duration-ms="980" status="PASS">
          <reporter-output>
          </reporter-output>
        </test-method> <!-- userReservationTest -->
        <test-method signature="registrationConfirmationTest()[pri:0, instance:com.vinsguru.tests.flightreservation.FlightReservationTest@2931522b]" started-at="2024-08-24T02:53:29 GMT" name="registrationConfirmationTest" finished-at="2024-08-24T02:53:31 GMT" depends-on-methods="com.vinsguru.tests.flightreservation.FlightReservationTest.userReservationTest" duration-ms="2178" status="PASS">
          <reporter-output>
          </reporter-output>
        </test-method> <!-- registrationConfirmationTest -->
        <test-method signature="flightSearchTest()[pri:0, instance:com.vinsguru.tests.flightreservation.FlightReservationTest@2931522b]" started-at="2024-08-24T02:53:31 GMT" name="flightSearchTest" finished-at="2024-08-24T02:53:33 GMT" depends-on-methods="com.vinsguru.tests.flightreservation.FlightReservationTest.registrationConfirmationTest" duration-ms="1815" status="PASS">
          <reporter-output>
          </reporter-output>
        </test-method> <!-- flightSearchTest -->
        <test-method signature="flightsSelectionTest()[pri:0, instance:com.vinsguru.tests.flightreservation.FlightReservationTest@2931522b]" started-at="2024-08-24T02:53:33 GMT" name="flightsSelectionTest" finished-at="2024-08-24T02:53:34 GMT" depends-on-methods="com.vinsguru.tests.flightreservation.FlightReservationTest.flightSearchTest" duration-ms="1719" status="PASS">
          <reporter-output>
          </reporter-output>
        </test-method> <!-- flightsSelectionTest -->
        <test-method signature="flightReservationConfirmationTest()[pri:0, instance:com.vinsguru.tests.flightreservation.FlightReservationTest@2931522b]" started-at="2024-08-24T02:53:34 GMT" name="flightReservationConfirmationTest" finished-at="2024-08-24T02:53:35 GMT" depends-on-methods="com.vinsguru.tests.flightreservation.FlightReservationTest.flightsSelectionTest" duration-ms="590" status="PASS">
          <reporter-output>
          </reporter-output>
        </test-method> <!-- flightReservationConfirmationTest -->
        <test-method is-config="true" signature="quitDriver()[pri:0, instance:com.vinsguru.tests.flightreservation.FlightReservationTest@2931522b]" started-at="2024-08-24T02:53:35 GMT" name="quitDriver" finished-at="2024-08-24T02:53:35 GMT" duration-ms="76" status="PASS">
          <reporter-output>
          </reporter-output>
        </test-method> <!-- quitDriver -->
      </class> <!-- com.vinsguru.tests.flightreservation.FlightReservationTest -->
    </test> <!-- passengers-count-3 -->
    <test started-at="2024-08-24T02:53:27 GMT" name="passengers-count-4" finished-at="2024-08-24T02:53:37 GMT" duration-ms="10275">
      <class name="com.vinsguru.tests.flightreservation.FlightReservationTest">
        <test-method is-config="true" signature="setupConfig()[pri:0, instance:com.vinsguru.tests.flightreservation.FlightReservationTest@662706a7]" started-at="2024-08-24T02:53:26 GMT" name="setupConfig" finished-at="2024-08-24T02:53:27 GMT" duration-ms="17" status="PASS">
          <reporter-output>
          </reporter-output>
        </test-method> <!-- setupConfig -->
        <test-method is-config="true" signature="setDriver(org.testng.ITestContext)[pri:0, instance:com.vinsguru.tests.flightreservation.FlightReservationTest@662706a7]" started-at="2024-08-24T02:53:27 GMT" name="setDriver" finished-at="2024-08-24T02:53:28 GMT" duration-ms="1124" status="PASS">
          <params>
            <param index="0">
              <value>
                <![CDATA[org.testng.TestRunner@6af9fcb2]]>
              </value>
            </param>
          </params>
          <reporter-output>
          </reporter-output>
        </test-method> <!-- setDriver -->
        <test-method is-config="true" signature="setParameters(java.lang.String)[pri:0, instance:com.vinsguru.tests.flightreservation.FlightReservationTest@662706a7]" started-at="2024-08-24T02:53:28 GMT" name="setParameters" finished-at="2024-08-24T02:53:28 GMT" depends-on-methods="com.vinsguru.tests.AbstractTest.setDriver" duration-ms="102" status="PASS">
          <params>
            <param index="0">
              <value>
                <![CDATA[test-data/flight-reservation/passenger-4.json]]>
              </value>
            </param>
          </params>
          <reporter-output>
          </reporter-output>
        </test-method> <!-- setParameters -->
        <test-method signature="userReservationTest()[pri:0, instance:com.vinsguru.tests.flightreservation.FlightReservationTest@662706a7]" started-at="2024-08-24T02:53:28 GMT" name="userReservationTest" finished-at="2024-08-24T02:53:29 GMT" duration-ms="1113" status="PASS">
          <reporter-output>
          </reporter-output>
        </test-method> <!-- userReservationTest -->
        <test-method signature="registrationConfirmationTest()[pri:0, instance:com.vinsguru.tests.flightreservation.FlightReservationTest@662706a7]" started-at="2024-08-24T02:53:29 GMT" name="registrationConfirmationTest" finished-at="2024-08-24T02:53:31 GMT" depends-on-methods="com.vinsguru.tests.flightreservation.FlightReservationTest.userReservationTest" duration-ms="2189" status="PASS">
          <reporter-output>
          </reporter-output>
        </test-method> <!-- registrationConfirmationTest -->
        <test-method signature="flightSearchTest()[pri:0, instance:com.vinsguru.tests.flightreservation.FlightReservationTest@662706a7]" started-at="2024-08-24T02:53:31 GMT" name="flightSearchTest" finished-at="2024-08-24T02:53:33 GMT" depends-on-methods="com.vinsguru.tests.flightreservation.FlightReservationTest.registrationConfirmationTest" duration-ms="1801" status="PASS">
          <reporter-output>
          </reporter-output>
        </test-method> <!-- flightSearchTest -->
        <test-method signature="flightsSelectionTest()[pri:0, instance:com.vinsguru.tests.flightreservation.FlightReservationTest@662706a7]" started-at="2024-08-24T02:53:33 GMT" name="flightsSelectionTest" finished-at="2024-08-24T02:53:35 GMT" depends-on-methods="com.vinsguru.tests.flightreservation.FlightReservationTest.flightSearchTest" duration-ms="1708" status="PASS">
          <reporter-output>
          </reporter-output>
        </test-method> <!-- flightsSelectionTest -->
        <test-method signature="flightReservationConfirmationTest()[pri:0, instance:com.vinsguru.tests.flightreservation.FlightReservationTest@662706a7]" started-at="2024-08-24T02:53:35 GMT" name="flightReservationConfirmationTest" finished-at="2024-08-24T02:53:37 GMT" depends-on-methods="com.vinsguru.tests.flightreservation.FlightReservationTest.flightsSelectionTest" duration-ms="2151" status="PASS">
          <reporter-output>
          </reporter-output>
        </test-method> <!-- flightReservationConfirmationTest -->
        <test-method is-config="true" signature="quitDriver()[pri:0, instance:com.vinsguru.tests.flightreservation.FlightReservationTest@662706a7]" started-at="2024-08-24T02:53:37 GMT" name="quitDriver" finished-at="2024-08-24T02:53:37 GMT" duration-ms="75" status="PASS">
          <reporter-output>
          </reporter-output>
        </test-method> <!-- quitDriver -->
      </class> <!-- com.vinsguru.tests.flightreservation.FlightReservationTest -->
    </test> <!-- passengers-count-4 -->
    <test started-at="2024-08-24T02:53:27 GMT" name="passengers-count-2" finished-at="2024-08-24T02:53:39 GMT" duration-ms="12377">
      <class name="com.vinsguru.tests.flightreservation.FlightReservationTest">
        <test-method is-config="true" signature="setDriver(org.testng.ITestContext)[pri:0, instance:com.vinsguru.tests.flightreservation.FlightReservationTest@5117dd67]" started-at="2024-08-24T02:53:27 GMT" name="setDriver" finished-at="2024-08-24T02:53:32 GMT" duration-ms="5485" status="PASS">
          <params>
            <param index="0">
              <value>
                <![CDATA[org.testng.TestRunner@2f67b837]]>
              </value>
            </param>
          </params>
          <reporter-output>
          </reporter-output>
        </test-method> <!-- setDriver -->
        <test-method is-config="true" signature="setParameters(java.lang.String)[pri:0, instance:com.vinsguru.tests.flightreservation.FlightReservationTest@5117dd67]" started-at="2024-08-24T02:53:32 GMT" name="setParameters" finished-at="2024-08-24T02:53:32 GMT" depends-on-methods="com.vinsguru.tests.AbstractTest.setDriver" duration-ms="1" status="PASS">
          <params>
            <param index="0">
              <value>
                <![CDATA[test-data/flight-reservation/passenger-2.json]]>
              </value>
            </param>
          </params>
          <reporter-output>
          </reporter-output>
        </test-method> <!-- setParameters -->
        <test-method signature="userReservationTest()[pri:0, instance:com.vinsguru.tests.flightreservation.FlightReservationTest@5117dd67]" started-at="2024-08-24T02:53:32 GMT" name="userReservationTest" finished-at="2024-08-24T02:53:33 GMT" duration-ms="1061" status="PASS">
          <reporter-output>
          </reporter-output>
        </test-method> <!-- userReservationTest -->
        <test-method signature="registrationConfirmationTest()[pri:0, instance:com.vinsguru.tests.flightreservation.FlightReservationTest@5117dd67]" started-at="2024-08-24T02:53:33 GMT" name="registrationConfirmationTest" finished-at="2024-08-24T02:53:34 GMT" depends-on-methods="com.vinsguru.tests.flightreservation.FlightReservationTest.userReservationTest" duration-ms="1143" status="PASS">
          <reporter-output>
          </reporter-output>
        </test-method> <!-- registrationConfirmationTest -->
        <test-method signature="flightSearchTest()[pri:0, instance:com.vinsguru.tests.flightreservation.FlightReservationTest@5117dd67]" started-at="2024-08-24T02:53:34 GMT" name="flightSearchTest" finished-at="2024-08-24T02:53:36 GMT" depends-on-methods="com.vinsguru.tests.flightreservation.FlightReservationTest.registrationConfirmationTest" duration-ms="2240" status="PASS">
          <reporter-output>
          </reporter-output>
        </test-method> <!-- flightSearchTest -->
        <test-method signature="flightsSelectionTest()[pri:0, instance:com.vinsguru.tests.flightreservation.FlightReservationTest@5117dd67]" started-at="2024-08-24T02:53:36 GMT" name="flightsSelectionTest" finished-at="2024-08-24T02:53:37 GMT" depends-on-methods="com.vinsguru.tests.flightreservation.FlightReservationTest.flightSearchTest" duration-ms="662" status="PASS">
          <reporter-output>
          </reporter-output>
        </test-method> <!-- flightsSelectionTest -->
        <test-method signature="flightReservationConfirmationTest()[pri:0, instance:com.vinsguru.tests.flightreservation.FlightReservationTest@5117dd67]" started-at="2024-08-24T02:53:37 GMT" name="flightReservationConfirmationTest" finished-at="2024-08-24T02:53:39 GMT" depends-on-methods="com.vinsguru.tests.flightreservation.FlightReservationTest.flightsSelectionTest" duration-ms="1708" status="PASS">
          <reporter-output>
          </reporter-output>
        </test-method> <!-- flightReservationConfirmationTest -->
        <test-method is-config="true" signature="quitDriver()[pri:0, instance:com.vinsguru.tests.flightreservation.FlightReservationTest@5117dd67]" started-at="2024-08-24T02:53:39 GMT" name="quitDriver" finished-at="2024-08-24T02:53:39 GMT" duration-ms="72" status="PASS">
          <reporter-output>
          </reporter-output>
        </test-method> <!-- quitDriver -->
      </class> <!-- com.vinsguru.tests.flightreservation.FlightReservationTest -->
    </test> <!-- passengers-count-2 -->
    <test started-at="2024-08-24T02:53:27 GMT" name="passengers-count-1" finished-at="2024-08-24T02:53:42 GMT" duration-ms="15955">
      <class name="com.vinsguru.tests.flightreservation.FlightReservationTest">
        <test-method is-config="true" signature="setDriver(org.testng.ITestContext)[pri:0, instance:com.vinsguru.tests.flightreservation.FlightReservationTest@6c61a903]" started-at="2024-08-24T02:53:27 GMT" name="setDriver" finished-at="2024-08-24T02:53:35 GMT" duration-ms="8649" status="PASS">
          <params>
            <param index="0">
              <value>
                <![CDATA[org.testng.TestRunner@1fc32e4f]]>
              </value>
            </param>
          </params>
          <reporter-output>
          </reporter-output>
        </test-method> <!-- setDriver -->
        <test-method is-config="true" signature="setParameters(java.lang.String)[pri:0, instance:com.vinsguru.tests.flightreservation.FlightReservationTest@6c61a903]" started-at="2024-08-24T02:53:35 GMT" name="setParameters" finished-at="2024-08-24T02:53:35 GMT" depends-on-methods="com.vinsguru.tests.AbstractTest.setDriver" duration-ms="0" status="PASS">
          <params>
            <param index="0">
              <value>
                <![CDATA[test-data/flight-reservation/passenger-1.json]]>
              </value>
            </param>
          </params>
          <reporter-output>
          </reporter-output>
        </test-method> <!-- setParameters -->
        <test-method signature="userReservationTest()[pri:0, instance:com.vinsguru.tests.flightreservation.FlightReservationTest@6c61a903]" started-at="2024-08-24T02:53:35 GMT" name="userReservationTest" finished-at="2024-08-24T02:53:36 GMT" duration-ms="836" status="PASS">
          <reporter-output>
          </reporter-output>
        </test-method> <!-- userReservationTest -->
        <test-method signature="registrationConfirmationTest()[pri:0, instance:com.vinsguru.tests.flightreservation.FlightReservationTest@6c61a903]" started-at="2024-08-24T02:53:36 GMT" name="registrationConfirmationTest" finished-at="2024-08-24T02:53:38 GMT" depends-on-methods="com.vinsguru.tests.flightreservation.FlightReservationTest.userReservationTest" duration-ms="1656" status="PASS">
          <reporter-output>
          </reporter-output>
        </test-method> <!-- registrationConfirmationTest -->
        <test-method signature="flightSearchTest()[pri:0, instance:com.vinsguru.tests.flightreservation.FlightReservationTest@6c61a903]" started-at="2024-08-24T02:53:38 GMT" name="flightSearchTest" finished-at="2024-08-24T02:53:40 GMT" depends-on-methods="com.vinsguru.tests.flightreservation.FlightReservationTest.registrationConfirmationTest" duration-ms="2319" status="PASS">
          <reporter-output>
          </reporter-output>
        </test-method> <!-- flightSearchTest -->
        <test-method signature="flightsSelectionTest()[pri:0, instance:com.vinsguru.tests.flightreservation.FlightReservationTest@6c61a903]" started-at="2024-08-24T02:53:40 GMT" name="flightsSelectionTest" finished-at="2024-08-24T02:53:41 GMT" depends-on-methods="com.vinsguru.tests.flightreservation.FlightReservationTest.flightSearchTest" duration-ms="692" status="PASS">
          <reporter-output>
          </reporter-output>
        </test-method> <!-- flightsSelectionTest -->
        <test-method signature="flightReservationConfirmationTest()[pri:0, instance:com.vinsguru.tests.flightreservation.FlightReservationTest@6c61a903]" started-at="2024-08-24T02:53:41 GMT" name="flightReservationConfirmationTest" finished-at="2024-08-24T02:53:42 GMT" depends-on-methods="com.vinsguru.tests.flightreservation.FlightReservationTest.flightsSelectionTest" duration-ms="1725" status="PASS">
          <reporter-output>
          </reporter-output>
        </test-method> <!-- flightReservationConfirmationTest -->
        <test-method is-config="true" signature="quitDriver()[pri:0, instance:com.vinsguru.tests.flightreservation.FlightReservationTest@6c61a903]" started-at="2024-08-24T02:53:42 GMT" name="quitDriver" finished-at="2024-08-24T02:53:42 GMT" duration-ms="71" status="PASS">
          <reporter-output>
          </reporter-output>
        </test-method> <!-- quitDriver -->
      </class> <!-- com.vinsguru.tests.flightreservation.FlightReservationTest -->
    </test> <!-- passengers-count-1 -->
  </suite> <!-- flight-reservation -->
</testng-results>
